1631891860499	geckodriver	INFO	Listening on 127.0.0.1:64299
1631891863650	mozrunner::runner	INFO	Running command: "C:\\Program Files (x86)\\Mozilla Firefox\\firefox.exe" "--marionette" "-foreground" "-no-remote" "-profile" "C:\\Users\\SAMSUNG\\AppData\\Local\\Temp\\rust_mozprofilejggpDc"
1631891874726	Marionette	INFO	Marionette enabled
console.warn: SearchSettings: "get: No settings file exists, new profile?" (new NotFoundError("Could not open the file at C:\\Users\\SAMSUNG\\AppData\\Local\\Temp\\rust_mozprofilejggpDc\\search.json.mozlz4", (void 0)))
console.error: Region.jsm: "Error fetching region" (new TypeError("NetworkError when attempting to fetch resource.", ""))
console.error: Region.jsm: "Failed to fetch region" (new Error("NO_RESULT", "resource://gre/modules/Region.jsm", 419))
1631891902142	Marionette	INFO	Listening on port 64307
1631891902552	RemoteAgent	WARN	TLS certificate errors will be ignored for this session
1631891909001	Marionette	INFO	Stopped listening on port 64307
JavaScript error: resource:///modules/Interactions.jsm, line 230: NS_ERROR_FAILURE: Component returned failure code: 0x80004005 (NS_ERROR_FAILURE) [nsIUserIdleService.removeIdleObserver]
1631892099165	geckodriver	INFO	Listening on 127.0.0.1:64336
1631892102303	mozrunner::runner	INFO	Running command: "C:\\Program Files (x86)\\Mozilla Firefox\\firefox.exe" "--marionette" "-foreground" "-no-remote" "-profile" "C:\\Users\\SAMSUNG\\AppData\\Local\\Temp\\rust_mozprofile0OswcY"
1631892104676	Marionette	INFO	Marionette enabled
console.warn: SearchSettings: "get: No settings file exists, new profile?" (new NotFoundError("Could not open the file at C:\\Users\\SAMSUNG\\AppData\\Local\\Temp\\rust_mozprofile0OswcY\\search.json.mozlz4", (void 0)))
console.error: Region.jsm: "Error fetching region" (new TypeError("NetworkError when attempting to fetch resource.", ""))
console.error: Region.jsm: "Failed to fetch region" (new Error("NO_RESULT", "resource://gre/modules/Region.jsm", 419))
1631892119376	Marionette	INFO	Listening on port 64344
1631892119856	RemoteAgent	WARN	TLS certificate errors will be ignored for this session
1631892218092	Marionette	INFO	Stopped listening on port 64344
JavaScript error: resource:///modules/Interactions.jsm, line 230: NS_ERROR_FAILURE: Component returned failure code: 0x80004005 (NS_ERROR_FAILURE) [nsIUserIdleService.removeIdleObserver]
\\Local\\Temp\\rust_mozprofile3UFUn7"
1631892216041	Marionette	INFO	Marionette enabled
console.warn: SearchSettings: "get: No settings file exists, new profile?" (new NotFoundError("Could not open the file at C:\\Users\\SAMSUNG\\AppData\\Local\\Temp\\rust_mozprofile3UFUn7\\search.json.mozlz4", (void 0)))
console.error: Region.jsm: "Error fetching region" (new TypeError("NetworkError when attempting to fetch resource.", ""))
console.error: Region.jsm: "Failed to fetch region" (new Error("NO_RESULT", "resource://gre/modules/Region.jsm", 419))
1631892233353	Marionette	INFO	Listening on port 64371
1631892233845	RemoteAgent	WARN	TLS certificate errors will be ignored for this session
1631892254211	Marionette	INFO	Stopped listening on port 64371631892255666	mozrunner::runner	INFO	Running command: "C:\\Program Files (x86)\\Mozilla Firefox\\firefox.exe" "--marionette" "-foreground" "-no-remote" "-profile" "C:\\Users\\SAMSUNG\\AppData\\Local\\Temp\\rust_mozprofileHaWeVD"
1631892258834	Marionette	INFO	Marionette enabled
console.warn: SearchSettings: "get: No settings file exists, new profile?" (new NotFoundError("Could not open the file at C:\\Users\\SAMSUNG\\AppData\\Local\\Temp\\rust_mozprofileHaWeVD\\search.json.mozlz4", (void 0)))
console.error: Region.jsm: "Error fetching region" (new TypeError("NetworkError when attempting to fetch resource.", ""))
console.error: Region.jsm: "Failed to fetch region" (new Error("NO_RESULT", "resource://gre/modules/Region.jsm", 419))
1631892273122	Marionette	INFO	Listening on port 64398
1631892273523	RemoteAgent	WARN	TLS certificate errors will be ignored for this session
1631892321814	Marionette	INFO	Stopped listening on port 64391631892323597	mozrunner::runner	INFO	Running command: "C:\\Program Files (x86)\\Mozilla Firefox\\firefox.exe" "--marionette" "-foreground" "-no-remote" "-profile" "C:\\Users\\SAMSUNG\\AppData\\Local\\Temp\\rust_mozprofile5rrSOK"
1631892326275	Marionette	INFO	Marionette enabled
console.warn: SearchSettings: "get: No settings file exists, new profile?" (new NotFoundError("Could not open the file at C:\\Users\\SAMSUNG\\AppData\\Local\\Temp\\rust_mozprofile5rrSOK\\search.json.mozlz4", (void 0)))
console.error: Region.jsm: "Error fetching region" (new TypeError("NetworkError when attempting to fetch resource.", ""))
console.error: Region.jsm: "Failed to fetch region" (new Error("NO_RESULT", "resource://gre/modules/Region.jsm", 419))
1631892341593	Marionette	INFO	Listening on port 64426
1631892341915	RemoteAgent	WARN	TLS certificate errors will be ignored for this session
JavaScript error: resource://gre/actors/AutoCompleteChild.jsm, line 125: Error: Invalid autocomplete selectedIndex
1631892432114	Marionette	INFO	Stopped listening on port 64426
JavaScript error: resource:///modules/Interactions.jsm, line 230: NS_ERROR_FAILURE: Component returned failure code: 0x80004005 (NS_ERROR_FAILURE) [nsIUserIdleService.removeIdleObserver]
WARNING: At least one completion condition is taking too long to complete. Conditions: [console.warn: SearchSettings: "get: No settings file exists, new profile?" (new NotFoundError("Could not open the file at C:\\Users\\SAMSUNG\\AppData\\Local\\Temp\\rust_mozprofile6KuxtZ\\search.json.mozlz4", (void 0)))
console.error: Region.jsm: "Error fetching region" (new TypeError("NetworkError when attempting to fetch resource.", ""))
console.error: Region.jsm: "Failed to fetch region" (new Error("NO_RESULT", "resource://gre/modules/Region.jsm", 419))
1631892449398	Marionette	INFO	Listening on port 64457
1631892449959	RemoteAgent	WARN	TLS certificate errors will be ignored for this session
1631892795907	Marionette	INFO	Stopped listening on port 64457
JavaScript error: resource:///modules/Interactions.jsm, line 230: NS_ERROR_FAILURE: Component returned failure code: 0x80004005 (NS_ERROR_FAILURE) [nsIUserIdleService.removeIdleObserver]
1631892812206	geckodriver	INFO	Listening on 127.0.0.1:64479
1631892815272	mozrunner::runner	INFO	Running command: "C:\\Program Files (x86)\\Mozilla Firefox\\firefox.exe" "--marionette" "-foreground" "-no-remote" "-profile" "C:\\Users\\SAMSUNG\\AppData\\Local\\Temp\\rust_mozprofileupD6nq"
1631892817806	Marionette	INFO	Marionette enabled
console.warn: SearchSettings: "get: No settings file exists, new profile?" (new NotFoundError("Could not open the file at C:\\Users\\SAMSUNG\\AppData\\Local\\Temp\\rust_mozprofileupD6nq\\search.json.mozlz4", (void 0)))
console.error: Region.jsm: "Error fetching region" (new TypeError("NetworkError when attempting to fetch resource.", ""))
console.error: Region.jsm: "Failed to fetch region" (new Error("NO_RESULT", "resource://gre/modules/Region.jsm", 419))
1631892830212	Marionette	INFO	Listening on port 64487
1631892830508	RemoteAgent	WARN	TLS certificate errors will be ignored for this session
JavaScript error: http://localhost/penetrasi/learning-xss.php?name=%3Cscript%3E%3Cscript%3Ealert(1)%3C/script%3E, line 1: SyntaxError: expected expression, got '<'
1631893046042	Marionette	INFO	Stopped listening on port 64487
JavaScript error: resource:///modules/Interactions.jsm, line 230: NS_ERROR_FAILURE: Component returned failure code: 0x80004005 (NS_ERROR_FAILURE) [nsIUserIdleService.removeIdleObserver]
1631893135080	geckodriver	INFO	Listening on 127.0.0.1:64518
1631893138178	mozrunner::runner	INFO	Running command: "C:\\Program Files (x86)\\Mozilla Firefox\\firefox.exe" "--marionette" "-foreground" "-no-remote" "-profile" "C:\\Users\\SAMSUNG\\AppData\\Local\\Temp\\rust_mozprofileSDrCUz"
1631893140515	Marionette	INFO	Marionette enabled
console.warn: SearchSettings: "get: No settings file exists, new profile?" (new NotFoundError("Could not open the file at C:\\Users\\SAMSUNG\\AppData\\Local\\Temp\\rust_mozprofileSDrCUz\\search.json.mozlz4", (void 0)))
console.error: Region.jsm: "Error fetching region" (new TypeError("NetworkError when attempting to fetch resource.", ""))
console.error: Region.jsm: "Failed to fetch region" (new Error("NO_RESULT", "resource://gre/modules/Region.jsm", 419))
1631893152811	Marionette	INFO	Listening on port 64526
1631893152936	RemoteAgent	WARN	TLS certificate errors will be ignored for this session
JavaScript error: http://localhost/penetrasi/learning-xss.php?name=%3Cscript%3E%3Cscript%3Ealert(1)%3C/script%3E, line 1: SyntaxError: expected expression, got '<'
1631893650627	addons.xpi	ERROR	System addon update list error Error: Failed downloading XML, status: 0, reason: error
1631893699533	Marionette	INFO	Stopped listening on port 64526
JavaScript error: resource:///modules/Interactions.jsm, line 230: NS_ERROR_FAILURE: Component returned failure code: 0x80004005 (NS_ERROR_FAILURE) [nsIUserIdleService.removeIdleObserver]
get: No settings file exists, new profile?" (new NotFoundError("Could not open the file at C:\\Users\\SAMSUNG\\AppData\\Local\\Temp\\rust_mozprofiledQ0uZ2\\search.json.mozlz4", (void 0)))
console.error: Region.jsm: "Error fetching region" (new TypeError("NetworkError when attempting to fetch resource.", ""))
console.error: Region.jsm: "Failed to fetch region" (new Error("NO_RESULT", "resource://gre/modules/Region.jsm", 419))
1631893237132	Marionette	INFO	Listening on port 64556
1631893237763	RemoteAgent	WARN	TLS certificate errors will be ignored for this session
1631893258746	Marionette	INFO	Stopped listening on port 64556
JavaScript error: resource:///modules/Interactions.jsm, line 230: NS_ERROR_FAILURE: Component returned failure code: 0x80004005 (NS_ERROR_FAILURE) [nsIUserIdleService.removeIdleObserver]
1631893313119	geckodriver	INFO	Listening on 127.0.0.1:64574
1631893316195	mozrunner::runner	INFO	Running command: "C:\\Program Files (x86)\\Mozilla Firefox\\firefox.exe" "--marionette" "-foreground" "-no-remote" "-profile" "C:\\Users\\SAMSUNG\\AppData\\Local\\Temp\\rust_mozprofileGMs78i"
1631893318264	Marionette	INFO	Marionette enabled
console.warn: SearchSettings: "get: No settings file exists, new profile?" (new NotFoundError("Could not open the file at C:\\Users\\SAMSUNG\\AppData\\Local\\Temp\\rust_mozprofileGMs78i\\search.json.mozlz4", (void 0)))
console.error: Region.jsm: "Error fetching region" (new TypeError("NetworkError when attempting to fetch resource.", ""))
console.error: Region.jsm: "Failed to fetch region" (new Error("NO_RESULT", "resource://gre/modules/Region.jsm", 419))
1631893330702	Marionette	INFO	Listening on port 64582
1631893331101	RemoteAgent	WARN	TLS certificate errors will be ignored for this session
1631893603367	Marionette	INFO	Stopped listening on port 64582
JavaScript error: resource:///modules/Interactions.jsm, line 230: NS_ERROR_FAILURE: Component returned failure code: 0x80004005 (NS_ERROR_FAILURE) [nsIUserIdleService.removeIdleObserver]
1631893688941	geckodriver	INFO	Listening on 127.0.0.1:64612
1631893692026	mozrunner::runner	INFO	Running command: "C:\\Program Files (x86)\\Mozilla Firefox\\firefox.exe" "--marionette" "-foreground" "-no-remote" "-profile" "C:\\Users\\SAMSUNG\\AppData\\Local\\Temp\\rust_mozprofileXUYVJD"
1631893694552	Marionette	INFO	Marionette enabled
console.warn: SearchSettings: "get: No settings file exists, new profile?" (new NotFoundError("Could not open the file at C:\\Users\\SAMSUNG\\AppData\\Local\\Temp\\rust_mozprofileXUYVJD\\search.json.mozlz4", (void 0)))
console.error: Region.jsm: "Error fetching region" (new TypeError("NetworkError when attempting to fetch resource.", ""))
console.error: Region.jsm: "Failed to fetch region" (new Error("NO_RESULT", "resource://gre/modules/Region.jsm", 419))
1631893711767	Marionette	INFO	Listening on port 64620
1631894002577	Marionette	INFO	Stopped listening on port 64620
JavaScript error: resource:///modules/Interactions.jsm, line 230: NS_ERROR_FAILURE: Component returned failure code: 0x80004005 (NS_ERROR_FAILURE) [nsIUserIdleService.removeIdleObserver]
\\Local\\Temp\\rust_mozprofileuhLAoD"
1631893721121	Marionette	INFO	Marionette enabled
console.warn: SearchSettings: "get: No settings file exists, new profile?" (new NotFoundError("Could not open the file at C:\\Users\\SAMSUNG\\AppData\\Local\\Temp\\rust_mozprofileuhLAoD\\search.json.mozlz4", (void 0)))
console.error: Region.jsm: "Error fetching region" (new TypeError("NetworkError when attempting to fetch resource.", ""))
console.error: Region.jsm: "Failed to fetch region" (new Error("NO_RESULT", "resource://gre/modules/Region.jsm", 419))
1631893733383	Marionette	INFO	Listening on port 64639
1631893734008	RemoteAgent	WARN	TLS certificate errors will be ignored for this session
1631893759829	Marionette	INFO	Stopped listening on port 64639
JavaScript error: resource:///modules/Interactions.jsm, line 230: NS_ERROR_FAILURE: Component returned failure code: 0x80004005 (NS_ERROR_FAILURE) [nsIUserIdleService.removeIdleObserver]

###!!! [Parent][RunMessage] Error: Channel closing: too late to send/recv, messages will be lost

1631893772881	geckodriver	INFO	Listening on 127.0.0.1:64657
1631893776057	mozrunner::runner	INFO	Running command: "C:\\Program Files (x86)\\Mozilla Firefox\\firefox.exe" "--marionette" "-foreground" "-no-remote" "-profile" "C:\\Users\\SAMSUNG\\AppData\\Local\\Temp\\rust_mozprofileh9nfDA"
1631893778393	Marionette	INFO	Marionette enabled
console.warn: SearchSettings: "get: No settings file exists, new profile?" (new NotFoundError("Could not open the file at C:\\Users\\SAMSUNG\\AppData\\Local\\Temp\\rust_mozprofileh9nfDA\\search.json.mozlz4", (void 0)))
console.error: Region.jsm: "Error fetching region" (new TypeError("NetworkError when attempting to fetch resource.", ""))
console.error: Region.jsm: "Failed to fetch region" (new Error("NO_RESULT", "resource://gre/modules/Region.jsm", 419))
1631893790499	Marionette	INFO	Listening on port 64665
1631893790619	RemoteAgent	WARN	TLS certificate errors will be ignored for this session
1631893816411	Marionette	INFO	Stopped listening on port 64665
JavaScript error: resource:///modules/Interactions.jsm, line 230: NS_ERROR_FAILURE: Component returned failure code: 0x80004005 (NS_ERROR_FAILURE) [nsIUserIdleService.removeIdleObserver]
1631893837086	geckodriver	INFO	Listening on 127.0.0.1:64682
1631893840181	mozrunner::runner	INFO	Running command: "C:\\Program Files (x86)\\Mozilla Firefox\\firefox.exe" "--marionette" "-foreground" "-no-remote" "-profile" "C:\\Users\\SAMSUNG\\AppData\\Local\\Temp\\rust_mozprofileGRwXpn"
1631893842442	Marionette	INFO	Marionette enabled
console.warn: SearchSettings: "get: No settings file exists, new profile?" (new NotFoundError("Could not open the file at C:\\Users\\SAMSUNG\\AppData\\Local\\Temp\\rust_mozprofileGRwXpn\\search.json.mozlz4", (void 0)))
console.error: Region.jsm: "Error fetching region" (new TypeError("NetworkError when attempting to fetch resource.", ""))
console.error: Region.jsm: "Failed to fetch region" (new Error("NO_RESULT", "resource://gre/modules/Region.jsm", 419))
1631893854359	Marionette	INFO	Listening on port 64690
1631893854805	RemoteAgent	WARN	TLS certificate errors will be ignored for this session
1631893875951	Marionette	INFO	Stopped listening on port 64690
JavaScript error: resource:///modules/Interactions.jsm, line 230: NS_ERROR_FAILURE: Component returned failure code: 0x80004005 (NS_ERROR_FAILURE) [nsIUserIdleService.removeIdleObserver]
1631894006227	geckodriver	INFO	Listening on 127.0.0.1:64708
1631894009304	mozrunner::runner	INFO	Running command: "C:\\Program Files (x86)\\Mozilla Firefox\\firefox.exe" "--marionette" "-foreground" "-no-remote" "-profile" "C:\\Users\\SAMSUNG\\AppData\\Local\\Temp\\rust_mozprofilexRrxOx"
1631894011566	Marionette	INFO	Marionette enabled
console.warn: SearchSettings: "get: No settings file exists, new profile?" (new NotFoundError("Could not open the file at C:\\Users\\SAMSUNG\\AppData\\Local\\Temp\\rust_mozprofilexRrxOx\\search.json.mozlz4", (void 0)))
console.error: Region.jsm: "Error fetching region" (new TypeError("NetworkError when attempting to fetch resource.", ""))
console.error: Region.jsm: "Failed to fetch region" (new Error("NO_RESULT", "resource://gre/modules/Region.jsm", 419))
1631894023286	Marionette	INFO	Listening on port 64716
1631894023852	RemoteAgent	WARN	TLS certificate errors will be ignored for this session
1631894049627	Marionette	INFO	Stopped listening on port 64716
JavaScript error: resource:///modules/Interactions.jsm, line 230: NS_ERROR_FAILURE: Component returned failure code: 0x80004005 (NS_ERROR_FAILURE) [nsIUserIdleService.removeIdleObserver]
1631894114828	geckodriver	INFO	Listening on 127.0.0.1:64734
1631894117918	mozrunner::runner	INFO	Running command: "C:\\Program Files (x86)\\Mozilla Firefox\\firefox.exe" "--marionette" "-foreground" "-no-remote" "-profile" "C:\\Users\\SAMSUNG\\AppData\\Local\\Temp\\rust_mozprofileeBxV30"
1631894121023	Marionette	INFO	Marionette enabled
console.warn: SearchSettings: "get: No settings file exists, new profile?" (new NotFoundError("Could not open the file at C:\\Users\\SAMSUNG\\AppData\\Local\\Temp\\rust_mozprofileeBxV30\\search.json.mozlz4", (void 0)))
console.error: Region.jsm: "Error fetching region" (new TypeError("NetworkError when attempting to fetch resource.", ""))
console.error: Region.jsm: "Failed to fetch region" (new Error("NO_RESULT", "resource://gre/modules/Region.jsm", 419))
1631894134168	Marionette	INFO	Listening on port 64742
1631894134285	RemoteAgent	WARN	TLS certificate errors will be ignored for this session
1631894160091	Marionette	INFO	Stopped listening on port 64742
JavaScript error: resource:///modules/Interactions.jsm, line 230: NS_ERROR_FAILURE: Component returned failure code: 0x80004005 (NS_ERROR_FAILURE) [nsIUserIdleService.removeIdleObserver]
1631894362947	geckodriver	INFO	Listening on 127.0.0.1:64760
1631894366052	mozrunner::runner	INFO	Running command: "C:\\Program Files (x86)\\Mozilla Firefox\\firefox.exe" "--marionette" "-foreground" "-no-remote" "-profile" "C:\\Users\\SAMSUNG\\AppData\\Local\\Temp\\rust_mozprofilemWrKVE"
1631894368268	Marionette	INFO	Marionette enabled
console.warn: SearchSettings: "get: No settings file exists, new profile?" (new NotFoundError("Could not open the file at C:\\Users\\SAMSUNG\\AppData\\Local\\Temp\\rust_mozprofilemWrKVE\\search.json.mozlz4", (void 0)))
console.error: Region.jsm: "Error fetching region" (new TypeError("NetworkError when attempting to fetch resource.", ""))
console.error: Region.jsm: "Failed to fetch region" (new Error("NO_RESULT", "resource://gre/modules/Region.jsm", 419))
1631894379564	Marionette	INFO	Listening on port 64768
1631894380303	RemoteAgent	WARN	TLS certificate errors will be ignored for this session
1631894401305	Marionette	INFO	Stopped listening on port 64768
JavaScript error: resource:///modules/Interactions.jsm, line 230: NS_ERROR_FAILURE: Component returned failure code: 0x80004005 (NS_ERROR_FAILURE) [nsIUserIdleService.removeIdleObserver]
1631894447351	geckodriver	INFO	Listening on 127.0.0.1:64785
1631894450439	mozrunner::runner	INFO	Running command: "C:\\Program Files (x86)\\Mozilla Firefox\\firefox.exe" "--marionette" "-foreground" "-no-remote" "-profile" "C:\\Users\\SAMSUNG\\AppData\\Local\\Temp\\rust_mozprofileOpyJqW"
1631894452724	Marionette	INFO	Marionette enabled
console.warn: SearchSettings: "get: No settings file exists, new profile?" (new NotFoundError("Could not open the file at C:\\Users\\SAMSUNG\\AppData\\Local\\Temp\\rust_mozprofileOpyJqW\\search.json.mozlz4", (void 0)))
console.error: Region.jsm: "Error fetching region" (new TypeError("NetworkError when attempting to fetch resource.", ""))
console.error: Region.jsm: "Failed to fetch region" (new Error("NO_RESULT", "resource://gre/modules/Region.jsm", 419))
1631894464450	Marionette	INFO	Listening on port 64793
1631894464965	RemoteAgent	WARN	TLS certificate errors will be ignored for this session
1631894486769	Marionette	INFO	Stopped listening on port 64793
JavaScript error: resource:///modules/Interactions.jsm, line 230: NS_ERROR_FAILURE: Component returned failure code: 0x80004005 (NS_ERROR_FAILURE) [nsIUserIdleService.removeIdleObserver]

###!!! [Parent][RunMessage] Error: Channel closing: too late to send/recv, messages will be lost

1631894536481	geckodriver	INFO	Listening on 127.0.0.1:64810
1631894539567	mozrunner::runner	INFO	Running command: "C:\\Program Files (x86)\\Mozilla Firefox\\firefox.exe" "--marionette" "-foreground" "-no-remote" "-profile" "C:\\Users\\SAMSUNG\\AppData\\Local\\Temp\\rust_mozprofile1LWzoz"
1631894541868	Marionette	INFO	Marionette enabled
console.warn: SearchSettings: "get: No settings file exists, new profile?" (new NotFoundError("Could not open the file at C:\\Users\\SAMSUNG\\AppData\\Local\\Temp\\rust_mozprofile1LWzoz\\search.json.mozlz4", (void 0)))
console.error: Region.jsm: "Error fetching region" (new TypeError("NetworkError when attempting to fetch resource.", ""))
console.error: Region.jsm: "Failed to fetch region" (new Error("NO_RESULT", "resource://gre/modules/Region.jsm", 419))
1631894553937	Marionette	INFO	Listening on port 64818
1631894554063	RemoteAgent	WARN	TLS certificate errors will be ignored for this session
1631894576086	Marionette	INFO	Stopped listening on port 64818
JavaScript error: resource:///modules/Interactions.jsm, line 230: NS_ERROR_FAILURE: Component returned failure code: 0x80004005 (NS_ERROR_FAILURE) [nsIUserIdleService.removeIdleObserver]

###!!! [Parent][MessageChannel] Error: (msgtype=0x390077,name=PContent::Msg_DestroyBrowsingContextGroup) Closed channel: cannot send/recv


###!!! [Child][MessageChannel] Error: (msgtype=0x23002F,name=PBrowser::Msg___delete__) Channel closing: too late to send/recv, messages will be lost


###!!! [Parent][RunMessage] Error: Channel closing: too late to send/recv, messages will be lost

1632045444858	geckodriver	INFO	Listening on 127.0.0.1:63241
1632045447793	mozrunner::runner	INFO	Running command: "C:\\Program Files (x86)\\Mozilla Firefox\\firefox.exe" "--marionette" "-foreground" "-no-remote" "-profile" "C:\\Users\\SAMSUNG\\AppData\\Local\\Temp\\rust_mozprofilelyTw3k"
1632045451697	Marionette	INFO	Marionette enabled
console.warn: SearchSettings: "get: No settings file exists, new profile?" (new NotFoundError("Could not open the file at C:\\Users\\SAMSUNG\\AppData\\Local\\Temp\\rust_mozprofilelyTw3k\\search.json.mozlz4", (void 0)))
console.error: Region.jsm: "Error fetching region" (new TypeError("NetworkError when attempting to fetch resource.", ""))
console.error: Region.jsm: "Failed to fetch region" (new Error("NO_RESULT", "resource://gre/modules/Region.jsm", 419))
1632045469709	Marionette	INFO	Listening on port 63249
1632045470079	RemoteAgent	WARN	TLS certificate errors will be ignored for this session
1632045479766	Marionette	INFO	Stopped listening on port 63249
JavaScript error: resource:///modules/Interactions.jsm, line 230: NS_ERROR_FAILURE: Component returned failure code: 0x80004005 (NS_ERROR_FAILURE) [nsIUserIdleService.removeIdleObserver]
1632046363850	geckodriver	INFO	Listening on 127.0.0.1:58073
1632046366836	mozrunner::runner	INFO	Running command: "C:\\Program Files (x86)\\Mozilla Firefox\\firefox.exe" "--marionette" "-foreground" "-no-remote" "-profile" "C:\\Users\\SAMSUNG\\AppData\\Local\\Temp\\rust_mozprofileBes7VU"
1632046370666	Marionette	INFO	Marionette enabled
console.warn: SearchSettings: "get: No settings file exists, new profile?" (new NotFoundError("Could not open the file at C:\\Users\\SAMSUNG\\AppData\\Local\\Temp\\rust_mozprofileBes7VU\\search.json.mozlz4", (void 0)))
1632046387703	Marionette	INFO	Listening on port 58081
1632046388530	RemoteAgent	WARN	TLS certificate errors will be ignored for this session
